Summary of SPARK analysis
=========================

------------------------------------------------------------------------------------------------------
SPARK Analysis results        Total       Flow   Interval   CodePeer    Provers   Justified   Unproved
------------------------------------------------------------------------------------------------------
Data Dependencies                 .          .          .          .          .           .          .
Flow Dependencies                 .          .          .          .          .           .          .
Initialization                    1          1          .          .          .           .          .
Non-Aliasing                      .          .          .          .          .           .          .
Run-time Checks                   5          .          .          .     5 (Z3)           .          .
Assertions                        .          .          .          .          .           .          .
Functional Contracts              3          .          .          .     3 (Z3)           .          .
LSP Verification                  .          .          .          .          .           .          .
------------------------------------------------------------------------------------------------------
Total                             9    1 (11%)          .          .    8 (89%)           .          .


Analyzed 2 units
in unit main, 0 subprograms and packages out of 1 analyzed
  Main at main.adb:8 skipped
in unit stack_adt, 7 subprograms and packages out of 7 analyzed
  stack_adt at stack_adt.ads:1 flow analyzed (0 errors and 0 warnings) and proved (0 checks)
  stack_adt.clear at stack_adt.ads:10 flow analyzed (0 errors and 0 warnings) and proved (1 checks)
  stack_adt.is_Empty at stack_adt.ads:7 flow analyzed (0 errors and 0 warnings) and proved (0 checks)
  stack_adt.is_Full at stack_adt.ads:8 flow analyzed (0 errors and 0 warnings) and proved (0 checks)
  stack_adt.pop at stack_adt.ads:17 flow analyzed (0 errors and 0 warnings) and proved (3 checks)
  stack_adt.push at stack_adt.ads:13 flow analyzed (0 errors and 0 warnings) and proved (3 checks)
  stack_adt.stack at stack_adt.ads:5 flow analyzed (0 errors and 0 warnings) and proved (1 checks)
