sorted.adb:10:33: info: loop invariant preservation proved[#15]
sorted.adb:10:33: info: loop invariant initialization proved[#18]
sorted.adb:10:63: medium: "V" might not be initialized[#2]
sorted.adb:10:63: info: initialization of "V" proved[#3]
sorted.adb:10:65: info: index check proved[#17]
sorted.adb:12:22: info: assertion proved[#20]
sorted.adb:12:57: medium: "V" might not be initialized[#4]
sorted.adb:12:59: info: index check proved[#9]
sorted.adb:18:34: info: overflow check proved[#11]
sorted.adb:19:15: info: index check proved[#22]
sorted.adb:19:24: info: overflow check proved[#8]
sorted.adb:19:24: info: index check proved[#12]
sorted.adb:31:24: info: overflow check proved[#25]
sorted.adb:32:15: info: index check proved[#24]
sorted.adb:32:20: info: initialization of "min" proved[#5]
sorted.adb:33:21: info: index check proved[#21]
sorted.adb:37:14: info: initialization of "min" proved[#6]
sorted.ads:8:20: medium: "V" might not be initialized in "Init"[#0]
sorted.ads:11:16: info: postcondition proved[#23]
sorted.ads:11:42: medium: "V" might not be initialized[#1]
sorted.ads:11:44: info: index check proved[#26]
sorted.ads:16:16: medium: postcondition might fail[#19]
sorted.ads:16:58: info: overflow check proved[#13]
sorted.ads:16:78: info: index check proved[#16]
sorted.ads:16:88: info: overflow check proved[#10]
sorted.ads:16:88: info: index check proved[#14]
sorted.ads:21:41: medium: postcondition might fail, cannot prove Min'Result <= V(X)[#27]
sorted.ads:21:58: info: index check proved[#7]
