selection_sort.adb:10:19: info: index check proved[#22]
selection_sort.adb:11:12: info: index check proved[#10]
selection_sort.adb:11:20: info: index check proved[#45]
selection_sort.adb:12:12: info: index check proved[#36]
selection_sort.adb:12:18: info: initialization of "tmp" proved[#0]
selection_sort.adb:19:07: info: range check proved[#25]
selection_sort.adb:19:39: info: range check proved[#28]
selection_sort.adb:23:15: info: initialization of "min" proved[#1]
selection_sort.adb:26:32: info: loop invariant preservation proved[#33]
selection_sort.adb:26:32: info: loop invariant initialization proved[#38]
selection_sort.adb:26:34: info: initialization of "min" proved[#2]
selection_sort.adb:26:34: info: index check proved[#21]
selection_sort.adb:26:44: info: index check proved[#19]
selection_sort.adb:27:32: info: loop invariant preservation proved[#12]
selection_sort.adb:27:32: info: loop invariant initialization proved[#16]
selection_sort.adb:27:64: info: initialization of "min" proved[#3]
selection_sort.adb:27:64: info: index check proved[#32]
selection_sort.adb:27:74: info: index check proved[#29]
selection_sort.adb:30:14: info: initialization of "min" proved[#4]
selection_sort.adb:38:15: info: precondition proved[#30]
selection_sort.adb:38:25: info: range check proved[#14]
selection_sort.adb:39:10: info: precondition proved[#40]
selection_sort.adb:39:18: info: initialization of "M" proved[#5]
selection_sort.adb:39:21: info: range check proved[#13]
selection_sort.adb:40:32: info: loop invariant preservation proved[#20]
selection_sort.adb:40:32: info: loop invariant initialization proved[#23]
selection_sort.adb:40:53: info: overflow check proved[#27]
selection_sort.adb:40:67: info: index check proved[#44]
selection_sort.adb:40:76: info: overflow check proved[#18]
selection_sort.adb:40:76: info: index check proved[#26]
selection_sort.adb:41:32: info: loop invariant preservation proved[#37]
selection_sort.adb:41:32: info: loop invariant initialization proved[#41]
selection_sort.adb:41:63: info: index check proved[#11]
selection_sort.adb:41:71: info: index check proved[#35]
selection_sort.ads:10:14: info: postcondition proved[#8]
selection_sort.ads:10:32: info: range check proved[#46]
selection_sort.ads:10:43: info: index check proved[#39]
selection_sort.ads:10:47: info: range check proved[#34]
selection_sort.ads:10:58: info: index check proved[#17]
selection_sort.ads:16:16: info: postcondition proved[#43]
selection_sort.ads:16:85: info: index check proved[#6]
selection_sort.ads:16:99: info: index check proved[#7]
selection_sort.ads:21:16: info: postcondition proved[#24]
selection_sort.ads:21:47: info: overflow check proved[#42]
selection_sort.ads:21:56: info: index check proved[#31]
selection_sort.ads:21:65: info: overflow check proved[#9]
selection_sort.ads:21:65: info: index check proved[#15]
